0 info it worked if it ends with ok
1 verbose cli [ 'C:\\Program Files\\nodejs\\node.exe',
1 verbose cli   'C:\\Program Files\\nodejs\\node_modules\\npm\\bin\\npm-cli.js',
1 verbose cli   'install',
1 verbose cli   '--save-dev',
1 verbose cli   'grunt-smash' ]
2 info using npm@2.15.8
3 info using node@v4.4.7
4 verbose install initial load of H:\_git\cdr-library-javascript\package.json
5 verbose installManyTop reading scoped package data from H:\_git\cdr-library-javascript\node_modules\grunt\package.json
6 verbose installManyTop reading scoped package data from H:\_git\cdr-library-javascript\node_modules\grunt-contrib-jshint\package.json
7 verbose installManyTop reading scoped package data from H:\_git\cdr-library-javascript\node_modules\grunt-contrib-uglify\package.json
8 verbose readDependencies loading dependencies from H:\_git\cdr-library-javascript\package.json
9 silly cache add args [ 'grunt-smash', null ]
10 verbose cache add spec grunt-smash
11 silly cache add parsed spec Result {
11 silly cache add   raw: 'grunt-smash',
11 silly cache add   scope: null,
11 silly cache add   name: 'grunt-smash',
11 silly cache add   rawSpec: '',
11 silly cache add   spec: 'latest',
11 silly cache add   type: 'tag' }
12 silly addNamed grunt-smash@latest
13 verbose addNamed "latest" is being treated as a dist-tag for grunt-smash
14 info addNameTag [ 'grunt-smash', 'latest' ]
15 silly mapToRegistry name grunt-smash
16 silly mapToRegistry using default registry
17 silly mapToRegistry registry https://registry.npmjs.org/
18 silly mapToRegistry data Result {
18 silly mapToRegistry   raw: 'grunt-smash',
18 silly mapToRegistry   scope: null,
18 silly mapToRegistry   name: 'grunt-smash',
18 silly mapToRegistry   rawSpec: '',
18 silly mapToRegistry   spec: 'latest',
18 silly mapToRegistry   type: 'tag' }
19 silly mapToRegistry uri https://registry.npmjs.org/grunt-smash
20 verbose addNameTag registry:https://registry.npmjs.org/grunt-smash not in flight; fetching
21 verbose request uri https://registry.npmjs.org/grunt-smash
22 verbose request no auth needed
23 info attempt registry request try #1 at 5:32:32 PM
24 verbose request id 2b4b7398f685b979
25 verbose etag W/"51acc94a-12bb"
26 verbose lastModified Mon, 03 Jun 2013 16:50:18 GMT
27 http request GET https://registry.npmjs.org/grunt-smash
28 http 304 https://registry.npmjs.org/grunt-smash
29 verbose headers { date: 'Tue, 22 Nov 2016 01:32:25 GMT',
29 verbose headers   via: '1.1 varnish',
29 verbose headers   'cache-control': 'max-age=300',
29 verbose headers   etag: 'W/"51acc94a-12bb"',
29 verbose headers   age: '0',
29 verbose headers   connection: 'keep-alive',
29 verbose headers   'x-served-by': 'cache-sjc3642-SJC',
29 verbose headers   'x-cache': 'MISS',
29 verbose headers   'x-cache-hits': '0',
29 verbose headers   'x-timer': 'S1479778345.042292,VS0,VE19',
29 verbose headers   vary: 'Accept-Encoding' }
30 silly get cb [ 304,
30 silly get   { date: 'Tue, 22 Nov 2016 01:32:25 GMT',
30 silly get     via: '1.1 varnish',
30 silly get     'cache-control': 'max-age=300',
30 silly get     etag: 'W/"51acc94a-12bb"',
30 silly get     age: '0',
30 silly get     connection: 'keep-alive',
30 silly get     'x-served-by': 'cache-sjc3642-SJC',
30 silly get     'x-cache': 'MISS',
30 silly get     'x-cache-hits': '0',
30 silly get     'x-timer': 'S1479778345.042292,VS0,VE19',
30 silly get     vary: 'Accept-Encoding' } ]
31 verbose etag https://registry.npmjs.org/grunt-smash from cache
32 verbose get saving grunt-smash to C:\Users\sfolmj\AppData\Roaming\npm-cache\registry.npmjs.org\grunt-smash\.cache.json
33 verbose correctMkdir C:\Users\sfolmj\AppData\Roaming\npm-cache correctMkdir not in flight; initializing
34 silly addNameTag next cb for grunt-smash with tag latest
35 silly addNamed grunt-smash@0.1.0
36 verbose addNamed "0.1.0" is a plain semver version for grunt-smash
37 silly cache afterAdd grunt-smash@0.1.0
38 verbose afterAdd C:\Users\sfolmj\AppData\Roaming\npm-cache\grunt-smash\0.1.0\package\package.json not in flight; writing
39 verbose correctMkdir C:\Users\sfolmj\AppData\Roaming\npm-cache correctMkdir not in flight; initializing
40 verbose afterAdd C:\Users\sfolmj\AppData\Roaming\npm-cache\grunt-smash\0.1.0\package\package.json written
41 silly install resolved [ { name: 'grunt-smash',
41 silly install resolved     description: 'A grunt task for Mike Bostock\'s Smash',
41 silly install resolved     version: '0.1.0',
41 silly install resolved     homepage: 'https://github.com/cvisco/grunt-smash',
41 silly install resolved     author: { name: 'Casey Visco', email: 'cvisco@gmail.com' },
41 silly install resolved     repository: { type: 'git', url: 'git://github.com/cvisco/grunt-smash.git' },
41 silly install resolved     bugs: { url: 'https://github.com/cvisco/grunt-smash/issues' },
41 silly install resolved     licenses: [ [Object] ],
41 silly install resolved     main: 'Gruntfile.js',
41 silly install resolved     engines: { node: '>= 0.8.0' },
41 silly install resolved     scripts: { test: 'grunt test' },
41 silly install resolved     dependencies: { smash: '~0.0.11', 'queue-async': '~1.0.3' },
41 silly install resolved     devDependencies:
41 silly install resolved      { 'grunt-contrib-jshint': '~0.1.1',
41 silly install resolved        'grunt-contrib-clean': '~0.4.0',
41 silly install resolved        'grunt-contrib-nodeunit': '~0.1.2',
41 silly install resolved        grunt: '~0.4.1' },
41 silly install resolved     peerDependencies: { grunt: '~0.4.1' },
41 silly install resolved     keywords: [ 'gruntplugin', 'smash' ],
41 silly install resolved     readme: '# grunt-smash\n\n> A grunt task for Mike Bostock\'s Smash utility.\n\n## Getting Started\nThis plugin requires Grunt `~0.4.1`\n\nIf you haven\'t used [Grunt](http://gruntjs.com/) before, be sure to check out the [Getting Started](http://gruntjs.com/getting-started) guide, as it explains how to create a [Gruntfile](http://gruntjs.com/sample-gruntfile) as well as install and use Grunt plugins. Once you\'re familiar with that process, you may install this plugin with this command:\n\n```shell\nnpm install grunt-smash --save-dev\n```\n\nOnce the plugin has been installed, it may be enabled inside your Gruntfile with this line of JavaScript:\n\n```js\ngrunt.loadNpmTasks(\'grunt-smash\');\n```\n\n## The "smash" task\n\n### Overview\nIn your project\'s Gruntfile, add a section named `smash` to the data object passed into `grunt.initConfig()`.\n\n```js\ngrunt.initConfig({\n  smash: {\n    your_target: {\n      // Target-specific file lists go here.\n    },\n  },\n})\n```\n\n### Usage Examples\n\nIn this example, import statements in `js/index.js` will be resolved and the result will be written to `dist/bundle.js`.\n\n```js\ngrunt.initConfig({\n  smash: {\n    bundle: {\n      src: \'js/index.js\',\n      dest: \'dist/bundle.js\'\n    },\n  },\n})\n```\n\n\n## Contributing\nIn lieu of a formal styleguide, take care to maintain the existing coding style. Add unit tests for any new or changed functionality. Lint and test your code using [Grunt](http://gruntjs.com/).\n\n## Release History\n* 2013-06-03   v0.1.0   Initial release\n',
41 silly install resolved     readmeFilename: 'README.md',
41 silly install resolved     _id: 'grunt-smash@0.1.0',
41 silly install resolved     dist:
41 silly install resolved      { shasum: '77282b48b1372aeb7d67456f1277e9c9c5219741',
41 silly install resolved        tarball: 'https://registry.npmjs.org/grunt-smash/-/grunt-smash-0.1.0.tgz' },
41 silly install resolved     _from: 'grunt-smash@latest',
41 silly install resolved     _npmVersion: '1.2.24',
41 silly install resolved     _npmUser: { name: 'cvisco', email: 'cvisco@gmail.com' },
41 silly install resolved     maintainers: [ [Object] ],
41 silly install resolved     directories: {},
41 silly install resolved     _shasum: '77282b48b1372aeb7d67456f1277e9c9c5219741',
41 silly install resolved     _resolved: 'https://registry.npmjs.org/grunt-smash/-/grunt-smash-0.1.0.tgz' } ]
42 info install grunt-smash@0.1.0 into H:\_git\cdr-library-javascript
43 info installOne grunt-smash@0.1.0
44 verbose installOne of grunt-smash to H:\_git\cdr-library-javascript not in flight; installing
45 verbose correctMkdir C:\Users\sfolmj\AppData\Roaming\npm-cache\_locks correctMkdir not in flight; initializing
46 verbose lock using C:\Users\sfolmj\AppData\Roaming\npm-cache\_locks\grunt-smash-07ce3aee9ef72013.lock for H:\_git\cdr-library-javascript\node_modules\grunt-smash
47 silly install write writing grunt-smash 0.1.0 to H:\_git\cdr-library-javascript\node_modules\grunt-smash
48 verbose unbuild node_modules\grunt-smash
49 silly gentlyRm H:\_git\cdr-library-javascript\node_modules\grunt-smash is being purged from base H:\_git\cdr-library-javascript
50 verbose gentlyRm don't care about contents; nuking H:\_git\cdr-library-javascript\node_modules\grunt-smash
51 verbose tar unpack C:\Users\sfolmj\AppData\Roaming\npm-cache\grunt-smash\0.1.0\package.tgz
52 verbose tar unpacking to H:\_git\cdr-library-javascript\node_modules\grunt-smash
53 silly gentlyRm H:\_git\cdr-library-javascript\node_modules\grunt-smash is being purged
54 verbose gentlyRm don't care about contents; nuking H:\_git\cdr-library-javascript\node_modules\grunt-smash
55 silly gunzTarPerm modes [ '777', '666' ]
56 silly gunzTarPerm extractEntry package.json
57 silly gunzTarPerm modified mode [ 'package.json', 420, 438 ]
58 silly gunzTarPerm extractEntry .npmignore
59 silly gunzTarPerm modified mode [ '.npmignore', 420, 438 ]
60 silly gunzTarPerm extractEntry README.md
61 silly gunzTarPerm modified mode [ 'README.md', 420, 438 ]
62 silly gunzTarPerm extractEntry Gruntfile.js
63 silly gunzTarPerm modified mode [ 'Gruntfile.js', 420, 438 ]
64 silly gunzTarPerm extractEntry .jshintrc
65 silly gunzTarPerm modified mode [ '.jshintrc', 420, 438 ]
66 silly gunzTarPerm extractEntry LICENSE-MIT
67 silly gunzTarPerm modified mode [ 'LICENSE-MIT', 420, 438 ]
68 silly gunzTarPerm extractEntry tasks/smash.js
69 silly gunzTarPerm modified mode [ 'tasks/smash.js', 420, 438 ]
70 silly gunzTarPerm extractEntry test/smash_test.js
71 silly gunzTarPerm modified mode [ 'test/smash_test.js', 420, 438 ]
72 silly gunzTarPerm extractEntry test/expected/target1.js
73 silly gunzTarPerm modified mode [ 'test/expected/target1.js', 420, 438 ]
74 silly gunzTarPerm extractEntry test/expected/target2.js
75 silly gunzTarPerm modified mode [ 'test/expected/target2.js', 420, 438 ]
76 silly gunzTarPerm extractEntry test/fixtures/bar.js
77 silly gunzTarPerm modified mode [ 'test/fixtures/bar.js', 420, 438 ]
78 silly gunzTarPerm extractEntry test/fixtures/baz.js
79 silly gunzTarPerm modified mode [ 'test/fixtures/baz.js', 420, 438 ]
80 silly gunzTarPerm extractEntry test/fixtures/foo.js
81 silly gunzTarPerm modified mode [ 'test/fixtures/foo.js', 420, 438 ]
82 verbose write writing to H:\_git\cdr-library-javascript\node_modules\grunt-smash\package.json
83 info preinstall grunt-smash@0.1.0
84 verbose readDependencies loading dependencies from H:\_git\cdr-library-javascript\node_modules\grunt-smash\package.json
85 silly prepareForInstallMany adding smash@~0.0.11 from grunt-smash dependencies
86 silly prepareForInstallMany adding queue-async@~1.0.3 from grunt-smash dependencies
87 silly prepareForInstallMany adding grunt@~0.4.1 from grunt-smash peerDependencies
88 warn peerDependencies The peer dependency grunt@~0.4.1 included from grunt-smash will no
89 warn peerDependencies longer be automatically installed to fulfill the peerDependency
90 warn peerDependencies in npm 3+. Your application will need to depend on it explicitly.
91 verbose readDependencies loading dependencies from H:\_git\cdr-library-javascript\node_modules\grunt-smash\package.json
92 silly cache add args [ 'smash@~0.0.11', null ]
93 verbose cache add spec smash@~0.0.11
94 silly cache add args [ 'queue-async@~1.0.3', null ]
95 verbose cache add spec queue-async@~1.0.3
96 silly cache add parsed spec Result {
96 silly cache add   raw: 'smash@~0.0.11',
96 silly cache add   scope: null,
96 silly cache add   name: 'smash',
96 silly cache add   rawSpec: '~0.0.11',
96 silly cache add   spec: '>=0.0.11 <0.1.0',
96 silly cache add   type: 'range' }
97 silly addNamed smash@>=0.0.11 <0.1.0
98 verbose addNamed ">=0.0.11 <0.1.0" is a valid semver range for smash
99 silly addNameRange { name: 'smash', range: '>=0.0.11 <0.1.0', hasData: false }
100 silly mapToRegistry name smash
101 silly mapToRegistry using default registry
102 silly mapToRegistry registry https://registry.npmjs.org/
103 silly mapToRegistry data Result {
103 silly mapToRegistry   raw: 'smash',
103 silly mapToRegistry   scope: null,
103 silly mapToRegistry   name: 'smash',
103 silly mapToRegistry   rawSpec: '',
103 silly mapToRegistry   spec: 'latest',
103 silly mapToRegistry   type: 'tag' }
104 silly mapToRegistry uri https://registry.npmjs.org/smash
105 verbose addNameRange registry:https://registry.npmjs.org/smash not in flight; fetching
106 silly cache add parsed spec Result {
106 silly cache add   raw: 'queue-async@~1.0.3',
106 silly cache add   scope: null,
106 silly cache add   name: 'queue-async',
106 silly cache add   rawSpec: '~1.0.3',
106 silly cache add   spec: '>=1.0.3 <1.1.0',
106 silly cache add   type: 'range' }
107 silly addNamed queue-async@>=1.0.3 <1.1.0
108 verbose addNamed ">=1.0.3 <1.1.0" is a valid semver range for queue-async
109 silly addNameRange { name: 'queue-async', range: '>=1.0.3 <1.1.0', hasData: false }
110 silly mapToRegistry name queue-async
111 silly mapToRegistry using default registry
112 silly mapToRegistry registry https://registry.npmjs.org/
113 silly mapToRegistry data Result {
113 silly mapToRegistry   raw: 'queue-async',
113 silly mapToRegistry   scope: null,
113 silly mapToRegistry   name: 'queue-async',
113 silly mapToRegistry   rawSpec: '',
113 silly mapToRegistry   spec: 'latest',
113 silly mapToRegistry   type: 'tag' }
114 silly mapToRegistry uri https://registry.npmjs.org/queue-async
115 verbose addNameRange registry:https://registry.npmjs.org/queue-async not in flight; fetching
116 verbose request uri https://registry.npmjs.org/queue-async
117 verbose request no auth needed
118 info attempt registry request try #1 at 5:32:32 PM
119 verbose etag W/"56b000bf-3ba5"
120 verbose lastModified Tue, 02 Feb 2016 01:05:03 GMT
121 http request GET https://registry.npmjs.org/queue-async
122 verbose request uri https://registry.npmjs.org/smash
123 verbose request no auth needed
124 info attempt registry request try #1 at 5:32:32 PM
125 verbose etag W/"56360ada-3a0e"
126 verbose lastModified Sun, 01 Nov 2015 12:51:38 GMT
127 http request GET https://registry.npmjs.org/smash
128 http 304 https://registry.npmjs.org/queue-async
129 verbose headers { date: 'Tue, 22 Nov 2016 01:32:25 GMT',
129 verbose headers   via: '1.1 varnish',
129 verbose headers   'cache-control': 'max-age=300',
129 verbose headers   etag: 'W/"56b000bf-3ba5"',
129 verbose headers   age: '64',
129 verbose headers   connection: 'keep-alive',
129 verbose headers   'x-served-by': 'cache-sjc3642-SJC',
129 verbose headers   'x-cache': 'HIT',
129 verbose headers   'x-cache-hits': '1',
129 verbose headers   'x-timer': 'S1479778345.652712,VS0,VE0',
129 verbose headers   vary: 'Accept-Encoding' }
130 silly get cb [ 304,
130 silly get   { date: 'Tue, 22 Nov 2016 01:32:25 GMT',
130 silly get     via: '1.1 varnish',
130 silly get     'cache-control': 'max-age=300',
130 silly get     etag: 'W/"56b000bf-3ba5"',
130 silly get     age: '64',
130 silly get     connection: 'keep-alive',
130 silly get     'x-served-by': 'cache-sjc3642-SJC',
130 silly get     'x-cache': 'HIT',
130 silly get     'x-cache-hits': '1',
130 silly get     'x-timer': 'S1479778345.652712,VS0,VE0',
130 silly get     vary: 'Accept-Encoding' } ]
131 verbose etag https://registry.npmjs.org/queue-async from cache
132 verbose get saving queue-async to C:\Users\sfolmj\AppData\Roaming\npm-cache\registry.npmjs.org\queue-async\.cache.json
133 verbose correctMkdir C:\Users\sfolmj\AppData\Roaming\npm-cache correctMkdir not in flight; initializing
134 silly addNameRange number 2 { name: 'queue-async', range: '>=1.0.3 <1.1.0', hasData: true }
135 silly addNameRange versions [ 'queue-async',
135 silly addNameRange   [ '0.0.2',
135 silly addNameRange     '1.0.0',
135 silly addNameRange     '1.0.1',
135 silly addNameRange     '1.0.2',
135 silly addNameRange     '1.0.3',
135 silly addNameRange     '1.0.4',
135 silly addNameRange     '1.0.5',
135 silly addNameRange     '1.0.6',
135 silly addNameRange     '1.0.7',
135 silly addNameRange     '1.1.0',
135 silly addNameRange     '1.1.1',
135 silly addNameRange     '1.2.0',
135 silly addNameRange     '1.2.1' ] ]
136 silly addNamed queue-async@1.0.7
137 verbose addNamed "1.0.7" is a plain semver version for queue-async
138 warn deprecated queue-async@1.0.7: renamed to d3-queue
139 silly cache afterAdd queue-async@1.0.7
140 verbose afterAdd C:\Users\sfolmj\AppData\Roaming\npm-cache\queue-async\1.0.7\package\package.json not in flight; writing
141 verbose correctMkdir C:\Users\sfolmj\AppData\Roaming\npm-cache correctMkdir not in flight; initializing
142 verbose afterAdd C:\Users\sfolmj\AppData\Roaming\npm-cache\queue-async\1.0.7\package\package.json written
143 http 304 https://registry.npmjs.org/smash
144 verbose headers { date: 'Tue, 22 Nov 2016 01:32:25 GMT',
144 verbose headers   via: '1.1 varnish',
144 verbose headers   'cache-control': 'max-age=300',
144 verbose headers   etag: 'W/"56360ada-3a0e"',
144 verbose headers   age: '0',
144 verbose headers   connection: 'keep-alive',
144 verbose headers   'x-served-by': 'cache-sjc3639-SJC',
144 verbose headers   'x-cache': 'MISS',
144 verbose headers   'x-cache-hits': '0',
144 verbose headers   'x-timer': 'S1479778345.699041,VS0,VE21',
144 verbose headers   vary: 'Accept-Encoding' }
145 silly get cb [ 304,
145 silly get   { date: 'Tue, 22 Nov 2016 01:32:25 GMT',
145 silly get     via: '1.1 varnish',
145 silly get     'cache-control': 'max-age=300',
145 silly get     etag: 'W/"56360ada-3a0e"',
145 silly get     age: '0',
145 silly get     connection: 'keep-alive',
145 silly get     'x-served-by': 'cache-sjc3639-SJC',
145 silly get     'x-cache': 'MISS',
145 silly get     'x-cache-hits': '0',
145 silly get     'x-timer': 'S1479778345.699041,VS0,VE21',
145 silly get     vary: 'Accept-Encoding' } ]
146 verbose etag https://registry.npmjs.org/smash from cache
147 verbose get saving smash to C:\Users\sfolmj\AppData\Roaming\npm-cache\registry.npmjs.org\smash\.cache.json
148 verbose correctMkdir C:\Users\sfolmj\AppData\Roaming\npm-cache correctMkdir not in flight; initializing
149 silly addNameRange number 2 { name: 'smash', range: '>=0.0.11 <0.1.0', hasData: true }
150 silly addNameRange versions [ 'smash',
150 silly addNameRange   [ '0.0.1',
150 silly addNameRange     '0.0.2',
150 silly addNameRange     '0.0.3',
150 silly addNameRange     '0.0.4',
150 silly addNameRange     '0.0.5',
150 silly addNameRange     '0.0.6',
150 silly addNameRange     '0.0.7',
150 silly addNameRange     '0.0.8',
150 silly addNameRange     '0.0.9',
150 silly addNameRange     '0.0.10',
150 silly addNameRange     '0.0.11',
150 silly addNameRange     '0.0.12',
150 silly addNameRange     '0.0.13',
150 silly addNameRange     '0.0.14',
150 silly addNameRange     '0.0.15' ] ]
151 silly addNamed smash@0.0.15
152 verbose addNamed "0.0.15" is a plain semver version for smash
153 silly cache afterAdd smash@0.0.15
154 verbose afterAdd C:\Users\sfolmj\AppData\Roaming\npm-cache\smash\0.0.15\package\package.json not in flight; writing
155 verbose correctMkdir C:\Users\sfolmj\AppData\Roaming\npm-cache correctMkdir not in flight; initializing
156 verbose afterAdd C:\Users\sfolmj\AppData\Roaming\npm-cache\smash\0.0.15\package\package.json written
157 silly install resolved [ { name: 'queue-async',
157 silly install resolved     version: '1.0.7',
157 silly install resolved     description: 'A little helper for asynchronous JavaScript.',
157 silly install resolved     keywords: [ 'asynchronous', 'async', 'queue' ],
157 silly install resolved     author: { name: 'Mike Bostock', url: 'http://bost.ocks.org/mike' },
157 silly install resolved     repository:
157 silly install resolved      { type: 'git',
157 silly install resolved        url: 'git+https://github.com/mbostock/queue.git' },
157 silly install resolved     main: 'queue.js',
157 silly install resolved     devDependencies: { 'uglify-js': '2', vows: '0.7' },
157 silly install resolved     scripts: { test: 'vows; echo' },
157 silly install resolved     bugs: { url: 'https://github.com/mbostock/queue/issues' },
157 silly install resolved     _id: 'queue-async@1.0.7',
157 silly install resolved     dist:
157 silly install resolved      { shasum: '22ae0a1dac4a92f5bcd4634f993c682a2a810945',
157 silly install resolved        tarball: 'https://registry.npmjs.org/queue-async/-/queue-async-1.0.7.tgz' },
157 silly install resolved     _from: 'queue-async@>=1.0.3 <1.1.0',
157 silly install resolved     _npmVersion: '1.3.11',
157 silly install resolved     _npmUser: { name: 'mbostock', email: 'mbostock@gmail.com' },
157 silly install resolved     maintainers: [ [Object] ],
157 silly install resolved     deprecated: 'renamed to d3-queue',
157 silly install resolved     directories: {},
157 silly install resolved     _shasum: '22ae0a1dac4a92f5bcd4634f993c682a2a810945',
157 silly install resolved     _resolved: 'https://registry.npmjs.org/queue-async/-/queue-async-1.0.7.tgz',
157 silly install resolved     readme: 'ERROR: No README data found!',
157 silly install resolved     homepage: 'https://github.com/mbostock/queue#readme' },
157 silly install resolved   { name: 'smash',
157 silly install resolved     version: '0.0.15',
157 silly install resolved     description: 'Concatenate files together using import statements.',
157 silly install resolved     keywords: [ 'import', 'module' ],
157 silly install resolved     author: { name: 'Mike Bostock', url: 'http://bost.ocks.org/mike' },
157 silly install resolved     repository:
157 silly install resolved      { type: 'git',
157 silly install resolved        url: 'git+https://github.com/mbostock/smash.git' },
157 silly install resolved     main: 'index.js',
157 silly install resolved     bin: { smash: 'smash' },
157 silly install resolved     engines: { node: '>=0.10.0' },
157 silly install resolved     engineStrict: true,
157 silly install resolved     dependencies: { optimist: '0.3.x', 'queue-async': '1.0.x' },
157 silly install resolved     devDependencies: { vows: '0.7.x' },
157 silly install resolved     scripts: { test: 'vows; echo' },
157 silly install resolved     licenses: [ [Object] ],
157 silly install resolved     gitHead: '2f39efe2aa44b78105ecd516e190b392e3ba7eea',
157 silly install resolved     bugs: { url: 'https://github.com/mbostock/smash/issues' },
157 silly install resolved     homepage: 'https://github.com/mbostock/smash',
157 silly install resolved     _id: 'smash@0.0.15',
157 silly install resolved     _shasum: 'b9fa6850aeb113d25e3d1e672dff4ff955a7a657',
157 silly install resolved     _from: 'smash@>=0.0.11 <0.1.0',
157 silly install resolved     _npmVersion: '2.7.5',
157 silly install resolved     _nodeVersion: '0.12.2',
157 silly install resolved     _npmUser: { name: 'mbostock', email: 'mike@ocks.org' },
157 silly install resolved     dist:
157 silly install resolved      { shasum: 'b9fa6850aeb113d25e3d1e672dff4ff955a7a657',
157 silly install resolved        tarball: 'https://registry.npmjs.org/smash/-/smash-0.0.15.tgz' },
157 silly install resolved     maintainers: [ [Object] ],
157 silly install resolved     directories: {},
157 silly install resolved     _resolved: 'https://registry.npmjs.org/smash/-/smash-0.0.15.tgz',
157 silly install resolved     readme: 'ERROR: No README data found!' } ]
158 info install queue-async@1.0.7 into H:\_git\cdr-library-javascript\node_modules\grunt-smash
159 info install smash@0.0.15 into H:\_git\cdr-library-javascript\node_modules\grunt-smash
160 info installOne queue-async@1.0.7
161 verbose installOne of queue-async to H:\_git\cdr-library-javascript\node_modules\grunt-smash not in flight; installing
162 verbose correctMkdir C:\Users\sfolmj\AppData\Roaming\npm-cache\_locks correctMkdir not in flight; initializing
163 info installOne smash@0.0.15
164 verbose installOne of smash to H:\_git\cdr-library-javascript\node_modules\grunt-smash not in flight; installing
165 verbose correctMkdir C:\Users\sfolmj\AppData\Roaming\npm-cache\_locks correctMkdir not in flight; initializing
166 verbose lock using C:\Users\sfolmj\AppData\Roaming\npm-cache\_locks\queue-async-099e2e451ecbd3e9.lock for H:\_git\cdr-library-javascript\node_modules\grunt-smash\node_modules\queue-async
167 verbose lock using C:\Users\sfolmj\AppData\Roaming\npm-cache\_locks\smash-295987a664892605.lock for H:\_git\cdr-library-javascript\node_modules\grunt-smash\node_modules\smash
168 silly install write writing queue-async 1.0.7 to H:\_git\cdr-library-javascript\node_modules\grunt-smash\node_modules\queue-async
169 silly install write writing smash 0.0.15 to H:\_git\cdr-library-javascript\node_modules\grunt-smash\node_modules\smash
170 verbose unbuild node_modules\grunt-smash\node_modules\queue-async
171 verbose unbuild node_modules\grunt-smash\node_modules\smash
172 silly gentlyRm H:\_git\cdr-library-javascript\node_modules\grunt-smash\node_modules\queue-async is being purged from base H:\_git\cdr-library-javascript
173 verbose gentlyRm don't care about contents; nuking H:\_git\cdr-library-javascript\node_modules\grunt-smash\node_modules\queue-async
174 verbose tar unpack C:\Users\sfolmj\AppData\Roaming\npm-cache\queue-async\1.0.7\package.tgz
175 verbose tar unpacking to H:\_git\cdr-library-javascript\node_modules\grunt-smash\node_modules\queue-async
176 silly gentlyRm H:\_git\cdr-library-javascript\node_modules\grunt-smash\node_modules\queue-async is being purged
177 verbose gentlyRm don't care about contents; nuking H:\_git\cdr-library-javascript\node_modules\grunt-smash\node_modules\queue-async
178 silly gentlyRm H:\_git\cdr-library-javascript\node_modules\grunt-smash\node_modules\smash is being purged from base H:\_git\cdr-library-javascript
179 verbose gentlyRm don't care about contents; nuking H:\_git\cdr-library-javascript\node_modules\grunt-smash\node_modules\smash
180 silly gunzTarPerm modes [ '777', '666' ]
181 verbose tar unpack C:\Users\sfolmj\AppData\Roaming\npm-cache\smash\0.0.15\package.tgz
182 verbose tar unpacking to H:\_git\cdr-library-javascript\node_modules\grunt-smash\node_modules\smash
183 silly gentlyRm H:\_git\cdr-library-javascript\node_modules\grunt-smash\node_modules\smash is being purged
184 verbose gentlyRm don't care about contents; nuking H:\_git\cdr-library-javascript\node_modules\grunt-smash\node_modules\smash
185 silly gunzTarPerm modes [ '777', '666' ]
186 silly gunzTarPerm extractEntry package.json
187 silly gunzTarPerm modified mode [ 'package.json', 420, 438 ]
188 silly gunzTarPerm extractEntry package.json
189 silly gunzTarPerm modified mode [ 'package.json', 420, 438 ]
190 silly gunzTarPerm extractEntry .npmignore
191 silly gunzTarPerm modified mode [ '.npmignore', 420, 438 ]
192 silly gunzTarPerm extractEntry README.md
193 silly gunzTarPerm modified mode [ 'README.md', 420, 438 ]
194 silly gunzTarPerm extractEntry .npmignore
195 silly gunzTarPerm modified mode [ '.npmignore', 420, 438 ]
196 silly gunzTarPerm extractEntry README.md
197 silly gunzTarPerm modified mode [ 'README.md', 420, 438 ]
198 silly gunzTarPerm extractEntry LICENSE
199 silly gunzTarPerm modified mode [ 'LICENSE', 420, 438 ]
200 silly gunzTarPerm extractEntry queue.js
201 silly gunzTarPerm modified mode [ 'queue.js', 420, 438 ]
202 silly gunzTarPerm extractEntry LICENSE
203 silly gunzTarPerm modified mode [ 'LICENSE', 420, 438 ]
204 silly gunzTarPerm extractEntry index.js
205 silly gunzTarPerm modified mode [ 'index.js', 420, 438 ]
206 silly gunzTarPerm extractEntry queue.min.js
207 silly gunzTarPerm modified mode [ 'queue.min.js', 420, 438 ]
208 silly gunzTarPerm extractEntry Makefile
209 silly gunzTarPerm modified mode [ 'Makefile', 420, 438 ]
210 silly gunzTarPerm extractEntry lib/smash/emit-imports.js
211 silly gunzTarPerm modified mode [ 'lib/smash/emit-imports.js', 420, 438 ]
212 silly gunzTarPerm extractEntry lib/smash/emit-lines.js
213 silly gunzTarPerm modified mode [ 'lib/smash/emit-lines.js', 420, 438 ]
214 silly gunzTarPerm extractEntry component.json
215 silly gunzTarPerm modified mode [ 'component.json', 420, 438 ]
216 silly gunzTarPerm extractEntry src/component.js
217 silly gunzTarPerm modified mode [ 'src/component.js', 420, 438 ]
218 silly gunzTarPerm extractEntry lib/smash/expand-file.js
219 silly gunzTarPerm modified mode [ 'lib/smash/expand-file.js', 420, 438 ]
220 silly gunzTarPerm extractEntry lib/smash/load.js
221 silly gunzTarPerm modified mode [ 'lib/smash/load.js', 420, 438 ]
222 silly gunzTarPerm extractEntry src/package.js
223 silly gunzTarPerm modified mode [ 'src/package.js', 420, 438 ]
224 silly gunzTarPerm extractEntry lib/smash/read-all-imports.js
225 silly gunzTarPerm modified mode [ 'lib/smash/read-all-imports.js', 420, 438 ]
226 silly gunzTarPerm extractEntry lib/smash/read-graph.js
227 silly gunzTarPerm modified mode [ 'lib/smash/read-graph.js', 420, 438 ]
228 silly gunzTarPerm extractEntry lib/smash/read-imports.js
229 silly gunzTarPerm modified mode [ 'lib/smash/read-imports.js', 420, 438 ]
230 silly gunzTarPerm extractEntry lib/smash/smash.js
231 silly gunzTarPerm modified mode [ 'lib/smash/smash.js', 420, 438 ]
232 silly gunzTarPerm extractEntry smash
233 silly gunzTarPerm modified mode [ 'smash', 493, 511 ]
234 silly gunzTarPerm extractEntry test/expandFile-test.js
235 silly gunzTarPerm modified mode [ 'test/expandFile-test.js', 420, 438 ]
236 silly gunzTarPerm extractEntry test/load-test.js
237 silly gunzTarPerm modified mode [ 'test/load-test.js', 420, 438 ]
238 silly gunzTarPerm extractEntry test/readAllImports-test.js
239 silly gunzTarPerm modified mode [ 'test/readAllImports-test.js', 420, 438 ]
240 silly gunzTarPerm extractEntry test/readGraph-test.js
241 silly gunzTarPerm modified mode [ 'test/readGraph-test.js', 420, 438 ]
242 silly gunzTarPerm extractEntry test/readImports-test.js
243 silly gunzTarPerm modified mode [ 'test/readImports-test.js', 420, 438 ]
244 silly gunzTarPerm extractEntry test/smash-test.js
245 silly gunzTarPerm modified mode [ 'test/smash-test.js', 420, 438 ]
246 silly gunzTarPerm extractEntry test/data/bar.js
247 silly gunzTarPerm modified mode [ 'test/data/bar.js', 420, 438 ]
248 silly gunzTarPerm extractEntry test/data/imports-foo-bar-baz.js
249 silly gunzTarPerm modified mode [ 'test/data/imports-foo-bar-baz.js', 420, 438 ]
250 silly gunzTarPerm extractEntry test/data/imports-foo-expected.js
251 silly gunzTarPerm modified mode [ 'test/data/imports-foo-expected.js', 420, 438 ]
252 silly gunzTarPerm extractEntry test/data/imports-foo-foo-bar-foo-expected.js
253 silly gunzTarPerm modified mode [ 'test/data/imports-foo-foo-bar-foo-expected.js', 420, 438 ]
254 silly gunzTarPerm extractEntry test/data/imports-foo-foo-bar-foo.js
255 silly gunzTarPerm modified mode [ 'test/data/imports-foo-foo-bar-foo.js', 420, 438 ]
256 silly gunzTarPerm extractEntry test/data/imports-foo-bar-baz-expected.js
257 silly gunzTarPerm modified mode [ 'test/data/imports-foo-bar-baz-expected.js', 420, 438 ]
258 silly gunzTarPerm extractEntry test/data/imports-imports-foo-expected.js
259 silly gunzTarPerm modified mode [ 'test/data/imports-imports-foo-expected.js', 420, 438 ]
260 silly gunzTarPerm extractEntry test/data/imports-imports-foo.js
261 silly gunzTarPerm modified mode [ 'test/data/imports-imports-foo.js', 420, 438 ]
262 silly gunzTarPerm extractEntry test/data/imports-index.js
263 silly gunzTarPerm modified mode [ 'test/data/imports-index.js', 420, 438 ]
264 silly gunzTarPerm extractEntry test/data/imports-not-found.js
265 silly gunzTarPerm modified mode [ 'test/data/imports-not-found.js', 420, 438 ]
266 silly gunzTarPerm extractEntry test/data/imports-self.js
267 silly gunzTarPerm modified mode [ 'test/data/imports-self.js', 420, 438 ]
268 silly gunzTarPerm extractEntry test/data/imports-circular-foo.js
269 silly gunzTarPerm modified mode [ 'test/data/imports-circular-foo.js', 420, 438 ]
270 silly gunzTarPerm extractEntry test/data/index.js
271 silly gunzTarPerm modified mode [ 'test/data/index.js', 420, 438 ]
272 silly gunzTarPerm extractEntry test/data/imports-circular-foo-expected.js
273 silly gunzTarPerm modified mode [ 'test/data/imports-circular-foo-expected.js', 420, 438 ]
274 silly gunzTarPerm extractEntry test/data/invalid-import-syntax.js
275 silly gunzTarPerm modified mode [ 'test/data/invalid-import-syntax.js', 420, 438 ]
276 silly gunzTarPerm extractEntry test/data/imports-circular-bar.js
277 silly gunzTarPerm modified mode [ 'test/data/imports-circular-bar.js', 420, 438 ]
278 silly gunzTarPerm extractEntry test/data/mismatched-quotes.js
279 silly gunzTarPerm modified mode [ 'test/data/mismatched-quotes.js', 420, 438 ]
280 silly gunzTarPerm extractEntry test/data/import-empty-lines.js
281 silly gunzTarPerm modified mode [ 'test/data/import-empty-lines.js', 420, 438 ]
282 silly gunzTarPerm extractEntry test/data/not-commented-import-expected.js
283 silly gunzTarPerm modified mode [ 'test/data/not-commented-import-expected.js', 420, 438 ]
284 silly gunzTarPerm extractEntry test/data/forty-two.js
285 silly gunzTarPerm modified mode [ 'test/data/forty-two.js', 420, 438 ]
286 silly gunzTarPerm extractEntry test/data/not-commented-import.js
287 silly gunzTarPerm modified mode [ 'test/data/not-commented-import.js', 420, 438 ]
288 silly gunzTarPerm extractEntry test/data/foo.js
289 silly gunzTarPerm modified mode [ 'test/data/foo.js', 420, 438 ]
290 silly gunzTarPerm extractEntry test/data/single-quote-import-expected.js
291 silly gunzTarPerm modified mode [ 'test/data/single-quote-import-expected.js', 420, 438 ]
292 silly gunzTarPerm extractEntry test/data/empty-lines.js
293 silly gunzTarPerm modified mode [ 'test/data/empty-lines.js', 420, 438 ]
294 silly gunzTarPerm extractEntry test/data/single-quote-import.js
295 silly gunzTarPerm modified mode [ 'test/data/single-quote-import.js', 420, 438 ]
296 silly gunzTarPerm extractEntry test/data/commented-import.js
297 silly gunzTarPerm modified mode [ 'test/data/commented-import.js', 420, 438 ]
298 silly gunzTarPerm extractEntry test/data/trailing-comment-import-expected.js
299 silly gunzTarPerm modified mode [ 'test/data/trailing-comment-import-expected.js', 420, 438 ]
300 silly gunzTarPerm extractEntry test/data/baz.js
301 silly gunzTarPerm modified mode [ 'test/data/baz.js', 420, 438 ]
302 silly gunzTarPerm extractEntry test/data/trailing-comment-import.js
303 silly gunzTarPerm modified mode [ 'test/data/trailing-comment-import.js', 420, 438 ]
304 silly gunzTarPerm extractEntry test/data/imports-foo.js
305 silly gunzTarPerm modified mode [ 'test/data/imports-foo.js', 420, 438 ]
306 verbose write writing to H:\_git\cdr-library-javascript\node_modules\grunt-smash\node_modules\queue-async\package.json
307 info preinstall queue-async@1.0.7
308 verbose readDependencies loading dependencies from H:\_git\cdr-library-javascript\node_modules\grunt-smash\node_modules\queue-async\package.json
309 verbose readDependencies loading dependencies from H:\_git\cdr-library-javascript\node_modules\grunt-smash\node_modules\queue-async\package.json
310 silly install resolved []
311 verbose about to build H:\_git\cdr-library-javascript\node_modules\grunt-smash\node_modules\queue-async
312 info build H:\_git\cdr-library-javascript\node_modules\grunt-smash\node_modules\queue-async
313 info linkStuff queue-async@1.0.7
314 silly linkStuff queue-async@1.0.7 has H:\_git\cdr-library-javascript\node_modules\grunt-smash\node_modules as its parent node_modules
315 verbose linkBins queue-async@1.0.7
316 verbose linkMans queue-async@1.0.7
317 verbose rebuildBundles queue-async@1.0.7
318 info install queue-async@1.0.7
319 info postinstall queue-async@1.0.7
320 verbose unlock done using C:\Users\sfolmj\AppData\Roaming\npm-cache\_locks\queue-async-099e2e451ecbd3e9.lock for H:\_git\cdr-library-javascript\node_modules\grunt-smash\node_modules\queue-async
321 verbose write writing to H:\_git\cdr-library-javascript\node_modules\grunt-smash\node_modules\smash\package.json
322 info preinstall smash@0.0.15
323 verbose readDependencies loading dependencies from H:\_git\cdr-library-javascript\node_modules\grunt-smash\node_modules\smash\package.json
324 silly prepareForInstallMany adding optimist@0.3.x from smash dependencies
325 verbose readDependencies loading dependencies from H:\_git\cdr-library-javascript\node_modules\grunt-smash\node_modules\smash\package.json
326 silly cache add args [ 'optimist@0.3.x', null ]
327 verbose cache add spec optimist@0.3.x
328 silly cache add parsed spec Result {
328 silly cache add   raw: 'optimist@0.3.x',
328 silly cache add   scope: null,
328 silly cache add   name: 'optimist',
328 silly cache add   rawSpec: '0.3.x',
328 silly cache add   spec: '>=0.3.0 <0.4.0',
328 silly cache add   type: 'range' }
329 silly addNamed optimist@>=0.3.0 <0.4.0
330 verbose addNamed ">=0.3.0 <0.4.0" is a valid semver range for optimist
331 silly addNameRange { name: 'optimist', range: '>=0.3.0 <0.4.0', hasData: false }
332 silly mapToRegistry name optimist
333 silly mapToRegistry using default registry
334 silly mapToRegistry registry https://registry.npmjs.org/
335 silly mapToRegistry data Result {
335 silly mapToRegistry   raw: 'optimist',
335 silly mapToRegistry   scope: null,
335 silly mapToRegistry   name: 'optimist',
335 silly mapToRegistry   rawSpec: '',
335 silly mapToRegistry   spec: 'latest',
335 silly mapToRegistry   type: 'tag' }
336 silly mapToRegistry uri https://registry.npmjs.org/optimist
337 verbose addNameRange registry:https://registry.npmjs.org/optimist not in flight; fetching
338 verbose request uri https://registry.npmjs.org/optimist
339 verbose request no auth needed
340 info attempt registry request try #1 at 5:32:34 PM
341 verbose etag W/"582f0669-b6f3"
342 verbose lastModified Fri, 18 Nov 2016 13:47:21 GMT
343 http request GET https://registry.npmjs.org/optimist
344 http 304 https://registry.npmjs.org/optimist
345 verbose headers { date: 'Tue, 22 Nov 2016 01:32:27 GMT',
345 verbose headers   via: '1.1 varnish',
345 verbose headers   'cache-control': 'max-age=300',
345 verbose headers   etag: 'W/"582f0669-b6f3"',
345 verbose headers   age: '121',
345 verbose headers   connection: 'keep-alive',
345 verbose headers   'x-served-by': 'cache-sjc3642-SJC',
345 verbose headers   'x-cache': 'HIT',
345 verbose headers   'x-cache-hits': '3',
345 verbose headers   'x-timer': 'S1479778347.014722,VS0,VE0',
345 verbose headers   vary: 'Accept-Encoding' }
346 silly get cb [ 304,
346 silly get   { date: 'Tue, 22 Nov 2016 01:32:27 GMT',
346 silly get     via: '1.1 varnish',
346 silly get     'cache-control': 'max-age=300',
346 silly get     etag: 'W/"582f0669-b6f3"',
346 silly get     age: '121',
346 silly get     connection: 'keep-alive',
346 silly get     'x-served-by': 'cache-sjc3642-SJC',
346 silly get     'x-cache': 'HIT',
346 silly get     'x-cache-hits': '3',
346 silly get     'x-timer': 'S1479778347.014722,VS0,VE0',
346 silly get     vary: 'Accept-Encoding' } ]
347 verbose etag https://registry.npmjs.org/optimist from cache
348 verbose get saving optimist to C:\Users\sfolmj\AppData\Roaming\npm-cache\registry.npmjs.org\optimist\.cache.json
349 verbose correctMkdir C:\Users\sfolmj\AppData\Roaming\npm-cache correctMkdir not in flight; initializing
350 silly addNameRange number 2 { name: 'optimist', range: '>=0.3.0 <0.4.0', hasData: true }
351 silly addNameRange versions [ 'optimist',
351 silly addNameRange   [ '0.0.1',
351 silly addNameRange     '0.0.2',
351 silly addNameRange     '0.0.4',
351 silly addNameRange     '0.0.5',
351 silly addNameRange     '0.0.6',
351 silly addNameRange     '0.0.7',
351 silly addNameRange     '0.1.0',
351 silly addNameRange     '0.1.1',
351 silly addNameRange     '0.1.2',
351 silly addNameRange     '0.1.3',
351 silly addNameRange     '0.1.4',
351 silly addNameRange     '0.1.5',
351 silly addNameRange     '0.1.6',
351 silly addNameRange     '0.1.7',
351 silly addNameRange     '0.1.8',
351 silly addNameRange     '0.1.9',
351 silly addNameRange     '0.0.3',
351 silly addNameRange     '0.2.0',
351 silly addNameRange     '0.2.1',
351 silly addNameRange     '0.2.2',
351 silly addNameRange     '0.2.3',
351 silly addNameRange     '0.2.4',
351 silly addNameRange     '0.2.5',
351 silly addNameRange     '0.2.6',
351 silly addNameRange     '0.2.7',
351 silly addNameRange     '0.2.8',
351 silly addNameRange     '0.3.0',
351 silly addNameRange     '0.3.1',
351 silly addNameRange     '0.3.3',
351 silly addNameRange     '0.3.4',
351 silly addNameRange     '0.3.5',
351 silly addNameRange     '0.3.6',
351 silly addNameRange     '0.3.7',
351 silly addNameRange     '0.4.0',
351 silly addNameRange     '0.5.0',
351 silly addNameRange     '0.5.1',
351 silly addNameRange     '0.5.2',
351 silly addNameRange     '0.6.0',
351 silly addNameRange     '0.6.1' ] ]
352 silly addNamed optimist@0.3.7
353 verbose addNamed "0.3.7" is a plain semver version for optimist
354 silly cache afterAdd optimist@0.3.7
355 verbose afterAdd C:\Users\sfolmj\AppData\Roaming\npm-cache\optimist\0.3.7\package\package.json not in flight; writing
356 verbose correctMkdir C:\Users\sfolmj\AppData\Roaming\npm-cache correctMkdir not in flight; initializing
357 verbose afterAdd C:\Users\sfolmj\AppData\Roaming\npm-cache\optimist\0.3.7\package\package.json written
358 silly install resolved [ { name: 'optimist',
358 silly install resolved     version: '0.3.7',
358 silly install resolved     description: 'Light-weight option parsing with an argv hash. No optstrings attached.',
358 silly install resolved     main: './index.js',
358 silly install resolved     dependencies: { wordwrap: '~0.0.2' },
358 silly install resolved     devDependencies: { hashish: '~0.0.4', tap: '~0.4.0' },
358 silly install resolved     scripts: { test: 'tap ./test/*.js' },
358 silly install resolved     repository:
358 silly install resolved      { type: 'git',
358 silly install resolved        url: 'git+ssh://git@github.com/substack/node-optimist.git' },
358 silly install resolved     keywords:
358 silly install resolved      [ 'argument',
358 silly install resolved        'args',
358 silly install resolved        'option',
358 silly install resolved        'parser',
358 silly install resolved        'parsing',
358 silly install resolved        'cli',
358 silly install resolved        'command' ],
358 silly install resolved     author:
358 silly install resolved      { name: 'James Halliday',
358 silly install resolved        email: 'mail@substack.net',
358 silly install resolved        url: 'http://substack.net' },
358 silly install resolved     license: 'MIT/X11',
358 silly install resolved     engine: { node: '>=0.4' },
358 silly install resolved     _id: 'optimist@0.3.7',
358 silly install resolved     dist:
358 silly install resolved      { shasum: 'c90941ad59e4273328923074d2cf2e7cbc6ec0d9',
358 silly install resolved        tarball: 'https://registry.npmjs.org/optimist/-/optimist-0.3.7.tgz' },
358 silly install resolved     _from: 'optimist@>=0.3.0 <0.4.0',
358 silly install resolved     _npmVersion: '1.2.2',
358 silly install resolved     _npmUser: { name: 'substack', email: 'mail@substack.net' },
358 silly install resolved     maintainers: [ [Object] ],
358 silly install resolved     directories: {},
358 silly install resolved     _shasum: 'c90941ad59e4273328923074d2cf2e7cbc6ec0d9',
358 silly install resolved     _resolved: 'https://registry.npmjs.org/optimist/-/optimist-0.3.7.tgz',
358 silly install resolved     bugs: { url: 'https://github.com/substack/node-optimist/issues' },
358 silly install resolved     readme: 'ERROR: No README data found!',
358 silly install resolved     homepage: 'https://github.com/substack/node-optimist#readme' } ]
359 info install optimist@0.3.7 into H:\_git\cdr-library-javascript\node_modules\grunt-smash\node_modules\smash
360 info installOne optimist@0.3.7
361 verbose installOne of optimist to H:\_git\cdr-library-javascript\node_modules\grunt-smash\node_modules\smash not in flight; installing
362 verbose correctMkdir C:\Users\sfolmj\AppData\Roaming\npm-cache\_locks correctMkdir not in flight; initializing
363 verbose lock using C:\Users\sfolmj\AppData\Roaming\npm-cache\_locks\optimist-27494b412046569b.lock for H:\_git\cdr-library-javascript\node_modules\grunt-smash\node_modules\smash\node_modules\optimist
364 silly install write writing optimist 0.3.7 to H:\_git\cdr-library-javascript\node_modules\grunt-smash\node_modules\smash\node_modules\optimist
365 verbose unbuild node_modules\grunt-smash\node_modules\smash\node_modules\optimist
366 silly gentlyRm H:\_git\cdr-library-javascript\node_modules\grunt-smash\node_modules\smash\node_modules\optimist is being purged from base H:\_git\cdr-library-javascript
367 verbose gentlyRm don't care about contents; nuking H:\_git\cdr-library-javascript\node_modules\grunt-smash\node_modules\smash\node_modules\optimist
368 verbose tar unpack C:\Users\sfolmj\AppData\Roaming\npm-cache\optimist\0.3.7\package.tgz
369 verbose tar unpacking to H:\_git\cdr-library-javascript\node_modules\grunt-smash\node_modules\smash\node_modules\optimist
370 silly gentlyRm H:\_git\cdr-library-javascript\node_modules\grunt-smash\node_modules\smash\node_modules\optimist is being purged
371 verbose gentlyRm don't care about contents; nuking H:\_git\cdr-library-javascript\node_modules\grunt-smash\node_modules\smash\node_modules\optimist
372 silly gunzTarPerm modes [ '777', '666' ]
373 silly gunzTarPerm extractEntry package.json
374 silly gunzTarPerm modified mode [ 'package.json', 420, 438 ]
375 silly gunzTarPerm extractEntry LICENSE
376 silly gunzTarPerm modified mode [ 'LICENSE', 420, 438 ]
377 silly gunzTarPerm extractEntry index.js
378 silly gunzTarPerm modified mode [ 'index.js', 420, 438 ]
379 silly gunzTarPerm extractEntry example/line_count_options.js
380 silly gunzTarPerm modified mode [ 'example/line_count_options.js', 420, 438 ]
381 silly gunzTarPerm extractEntry example/boolean_double.js
382 silly gunzTarPerm modified mode [ 'example/boolean_double.js', 420, 438 ]
383 silly gunzTarPerm extractEntry example/divide.js
384 silly gunzTarPerm modified mode [ 'example/divide.js', 420, 438 ]
385 silly gunzTarPerm extractEntry example/nonopt.js
386 silly gunzTarPerm modified mode [ 'example/nonopt.js', 420, 438 ]
387 silly gunzTarPerm extractEntry example/string.js
388 silly gunzTarPerm modified mode [ 'example/string.js', 420, 438 ]
389 silly gunzTarPerm extractEntry example/default_hash.js
390 silly gunzTarPerm modified mode [ 'example/default_hash.js', 420, 438 ]
391 silly gunzTarPerm extractEntry example/reflect.js
392 silly gunzTarPerm modified mode [ 'example/reflect.js', 420, 438 ]
393 silly gunzTarPerm extractEntry example/default_singles.js
394 silly gunzTarPerm modified mode [ 'example/default_singles.js', 420, 438 ]
395 silly gunzTarPerm extractEntry example/usage-options.js
396 silly gunzTarPerm modified mode [ 'example/usage-options.js', 420, 438 ]
397 silly gunzTarPerm extractEntry example/bool.js
398 silly gunzTarPerm modified mode [ 'example/bool.js', 420, 438 ]
399 silly gunzTarPerm extractEntry example/short.js
400 silly gunzTarPerm modified mode [ 'example/short.js', 420, 438 ]
401 silly gunzTarPerm extractEntry example/xup.js
402 silly gunzTarPerm modified mode [ 'example/xup.js', 420, 438 ]
403 silly gunzTarPerm extractEntry example/boolean_single.js
404 silly gunzTarPerm modified mode [ 'example/boolean_single.js', 420, 438 ]
405 silly gunzTarPerm extractEntry example/line_count_wrap.js
406 silly gunzTarPerm modified mode [ 'example/line_count_wrap.js', 420, 438 ]
407 silly gunzTarPerm extractEntry example/line_count.js
408 silly gunzTarPerm modified mode [ 'example/line_count.js', 420, 438 ]
409 silly gunzTarPerm extractEntry readme.markdown
410 silly gunzTarPerm modified mode [ 'readme.markdown', 420, 438 ]
411 silly gunzTarPerm extractEntry test/parse.js
412 silly gunzTarPerm modified mode [ 'test/parse.js', 420, 438 ]
413 silly gunzTarPerm extractEntry test/_.js
414 silly gunzTarPerm modified mode [ 'test/_.js', 420, 438 ]
415 silly gunzTarPerm extractEntry test/usage.js
416 silly gunzTarPerm modified mode [ 'test/usage.js', 420, 438 ]
417 silly gunzTarPerm extractEntry test/_/bin.js
418 silly gunzTarPerm modified mode [ 'test/_/bin.js', 493, 511 ]
419 silly gunzTarPerm extractEntry test/_/argv.js
420 silly gunzTarPerm modified mode [ 'test/_/argv.js', 420, 438 ]
421 silly gunzTarPerm extractEntry .travis.yml
422 silly gunzTarPerm modified mode [ '.travis.yml', 420, 438 ]
423 verbose write writing to H:\_git\cdr-library-javascript\node_modules\grunt-smash\node_modules\smash\node_modules\optimist\package.json
424 info preinstall optimist@0.3.7
425 verbose readDependencies loading dependencies from H:\_git\cdr-library-javascript\node_modules\grunt-smash\node_modules\smash\node_modules\optimist\package.json
426 silly prepareForInstallMany adding wordwrap@~0.0.2 from optimist dependencies
427 verbose readDependencies loading dependencies from H:\_git\cdr-library-javascript\node_modules\grunt-smash\node_modules\smash\node_modules\optimist\package.json
428 silly cache add args [ 'wordwrap@~0.0.2', null ]
429 verbose cache add spec wordwrap@~0.0.2
430 silly cache add parsed spec Result {
430 silly cache add   raw: 'wordwrap@~0.0.2',
430 silly cache add   scope: null,
430 silly cache add   name: 'wordwrap',
430 silly cache add   rawSpec: '~0.0.2',
430 silly cache add   spec: '>=0.0.2 <0.1.0',
430 silly cache add   type: 'range' }
431 silly addNamed wordwrap@>=0.0.2 <0.1.0
432 verbose addNamed ">=0.0.2 <0.1.0" is a valid semver range for wordwrap
433 silly addNameRange { name: 'wordwrap', range: '>=0.0.2 <0.1.0', hasData: false }
434 silly mapToRegistry name wordwrap
435 silly mapToRegistry using default registry
436 silly mapToRegistry registry https://registry.npmjs.org/
437 silly mapToRegistry data Result {
437 silly mapToRegistry   raw: 'wordwrap',
437 silly mapToRegistry   scope: null,
437 silly mapToRegistry   name: 'wordwrap',
437 silly mapToRegistry   rawSpec: '',
437 silly mapToRegistry   spec: 'latest',
437 silly mapToRegistry   type: 'tag' }
438 silly mapToRegistry uri https://registry.npmjs.org/wordwrap
439 verbose addNameRange registry:https://registry.npmjs.org/wordwrap not in flight; fetching
440 verbose request uri https://registry.npmjs.org/wordwrap
441 verbose request no auth needed
442 info attempt registry request try #1 at 5:32:34 PM
443 verbose etag W/"5818e589-1acd"
444 verbose lastModified Tue, 01 Nov 2016 18:57:13 GMT
445 http request GET https://registry.npmjs.org/wordwrap
446 http 304 https://registry.npmjs.org/wordwrap
447 verbose headers { date: 'Tue, 22 Nov 2016 01:32:27 GMT',
447 verbose headers   via: '1.1 varnish',
447 verbose headers   'cache-control': 'max-age=300',
447 verbose headers   etag: 'W/"5818e589-1acd"',
447 verbose headers   age: '10',
447 verbose headers   connection: 'keep-alive',
447 verbose headers   'x-served-by': 'cache-sjc3639-SJC',
447 verbose headers   'x-cache': 'HIT',
447 verbose headers   'x-cache-hits': '1',
447 verbose headers   'x-timer': 'S1479778347.679986,VS0,VE0',
447 verbose headers   vary: 'Accept-Encoding' }
448 silly get cb [ 304,
448 silly get   { date: 'Tue, 22 Nov 2016 01:32:27 GMT',
448 silly get     via: '1.1 varnish',
448 silly get     'cache-control': 'max-age=300',
448 silly get     etag: 'W/"5818e589-1acd"',
448 silly get     age: '10',
448 silly get     connection: 'keep-alive',
448 silly get     'x-served-by': 'cache-sjc3639-SJC',
448 silly get     'x-cache': 'HIT',
448 silly get     'x-cache-hits': '1',
448 silly get     'x-timer': 'S1479778347.679986,VS0,VE0',
448 silly get     vary: 'Accept-Encoding' } ]
449 verbose etag https://registry.npmjs.org/wordwrap from cache
450 verbose get saving wordwrap to C:\Users\sfolmj\AppData\Roaming\npm-cache\registry.npmjs.org\wordwrap\.cache.json
451 verbose correctMkdir C:\Users\sfolmj\AppData\Roaming\npm-cache correctMkdir not in flight; initializing
452 silly addNameRange number 2 { name: 'wordwrap', range: '>=0.0.2 <0.1.0', hasData: true }
453 silly addNameRange versions [ 'wordwrap', [ '0.0.1', '0.0.2', '0.0.3', '1.0.0' ] ]
454 silly addNamed wordwrap@0.0.3
455 verbose addNamed "0.0.3" is a plain semver version for wordwrap
456 silly cache afterAdd wordwrap@0.0.3
457 verbose afterAdd C:\Users\sfolmj\AppData\Roaming\npm-cache\wordwrap\0.0.3\package\package.json not in flight; writing
458 verbose correctMkdir C:\Users\sfolmj\AppData\Roaming\npm-cache correctMkdir not in flight; initializing
459 verbose afterAdd C:\Users\sfolmj\AppData\Roaming\npm-cache\wordwrap\0.0.3\package\package.json written
460 silly install resolved [ { name: 'wordwrap',
460 silly install resolved     description: 'Wrap those words. Show them at what columns to start and stop.',
460 silly install resolved     version: '0.0.3',
460 silly install resolved     repository:
460 silly install resolved      { type: 'git',
460 silly install resolved        url: 'git://github.com/substack/node-wordwrap.git' },
460 silly install resolved     main: './index.js',
460 silly install resolved     keywords: [ 'word', 'wrap', 'rule', 'format', 'column' ],
460 silly install resolved     directories: { lib: '.', example: 'example', test: 'test' },
460 silly install resolved     scripts: { test: 'expresso' },
460 silly install resolved     devDependencies: { expresso: '=0.7.x' },
460 silly install resolved     engines: { node: '>=0.4.0' },
460 silly install resolved     license: 'MIT',
460 silly install resolved     author:
460 silly install resolved      { name: 'James Halliday',
460 silly install resolved        email: 'mail@substack.net',
460 silly install resolved        url: 'http://substack.net' },
460 silly install resolved     gitHead: 'e59aa1bd338914019456bdfba034508c9c4cb29d',
460 silly install resolved     bugs: { url: 'https://github.com/substack/node-wordwrap/issues' },
460 silly install resolved     homepage: 'https://github.com/substack/node-wordwrap#readme',
460 silly install resolved     _id: 'wordwrap@0.0.3',
460 silly install resolved     _shasum: 'a3d5da6cd5c0bc0008d37234bbaf1bed63059107',
460 silly install resolved     _from: 'wordwrap@>=0.0.2 <0.1.0',
460 silly install resolved     _npmVersion: '2.9.0',
460 silly install resolved     _nodeVersion: '2.0.0',
460 silly install resolved     _npmUser: { name: 'substack', email: 'substack@gmail.com' },
460 silly install resolved     dist:
460 silly install resolved      { shasum: 'a3d5da6cd5c0bc0008d37234bbaf1bed63059107',
460 silly install resolved        tarball: 'https://registry.npmjs.org/wordwrap/-/wordwrap-0.0.3.tgz' },
460 silly install resolved     maintainers: [ [Object] ],
460 silly install resolved     _resolved: 'https://registry.npmjs.org/wordwrap/-/wordwrap-0.0.3.tgz',
460 silly install resolved     readme: 'ERROR: No README data found!' } ]
461 info install wordwrap@0.0.3 into H:\_git\cdr-library-javascript\node_modules\grunt-smash\node_modules\smash\node_modules\optimist
462 info installOne wordwrap@0.0.3
463 verbose installOne of wordwrap to H:\_git\cdr-library-javascript\node_modules\grunt-smash\node_modules\smash\node_modules\optimist not in flight; installing
464 verbose correctMkdir C:\Users\sfolmj\AppData\Roaming\npm-cache\_locks correctMkdir not in flight; initializing
465 verbose lock using C:\Users\sfolmj\AppData\Roaming\npm-cache\_locks\wordwrap-a695a7ea5441fc23.lock for H:\_git\cdr-library-javascript\node_modules\grunt-smash\node_modules\smash\node_modules\optimist\node_modules\wordwrap
466 silly install write writing wordwrap 0.0.3 to H:\_git\cdr-library-javascript\node_modules\grunt-smash\node_modules\smash\node_modules\optimist\node_modules\wordwrap
467 verbose unbuild node_modules\grunt-smash\node_modules\smash\node_modules\optimist\node_modules\wordwrap
468 silly gentlyRm H:\_git\cdr-library-javascript\node_modules\grunt-smash\node_modules\smash\node_modules\optimist\node_modules\wordwrap is being purged from base H:\_git\cdr-library-javascript
469 verbose gentlyRm don't care about contents; nuking H:\_git\cdr-library-javascript\node_modules\grunt-smash\node_modules\smash\node_modules\optimist\node_modules\wordwrap
470 verbose tar unpack C:\Users\sfolmj\AppData\Roaming\npm-cache\wordwrap\0.0.3\package.tgz
471 verbose tar unpacking to H:\_git\cdr-library-javascript\node_modules\grunt-smash\node_modules\smash\node_modules\optimist\node_modules\wordwrap
472 silly gentlyRm H:\_git\cdr-library-javascript\node_modules\grunt-smash\node_modules\smash\node_modules\optimist\node_modules\wordwrap is being purged
473 verbose gentlyRm don't care about contents; nuking H:\_git\cdr-library-javascript\node_modules\grunt-smash\node_modules\smash\node_modules\optimist\node_modules\wordwrap
474 silly gunzTarPerm modes [ '777', '666' ]
475 silly gunzTarPerm extractEntry package.json
476 silly gunzTarPerm modified mode [ 'package.json', 420, 438 ]
477 silly gunzTarPerm extractEntry LICENSE
478 silly gunzTarPerm modified mode [ 'LICENSE', 420, 438 ]
479 silly gunzTarPerm extractEntry index.js
480 silly gunzTarPerm modified mode [ 'index.js', 420, 438 ]
481 silly gunzTarPerm extractEntry README.markdown
482 silly gunzTarPerm modified mode [ 'README.markdown', 420, 438 ]
483 silly gunzTarPerm extractEntry example/center.js
484 silly gunzTarPerm modified mode [ 'example/center.js', 420, 438 ]
485 silly gunzTarPerm extractEntry example/meat.js
486 silly gunzTarPerm modified mode [ 'example/meat.js', 420, 438 ]
487 silly gunzTarPerm extractEntry test/break.js
488 silly gunzTarPerm modified mode [ 'test/break.js', 420, 438 ]
489 silly gunzTarPerm extractEntry test/wrap.js
490 silly gunzTarPerm modified mode [ 'test/wrap.js', 420, 438 ]
491 silly gunzTarPerm extractEntry test/idleness.txt
492 silly gunzTarPerm modified mode [ 'test/idleness.txt', 420, 438 ]
493 verbose write writing to H:\_git\cdr-library-javascript\node_modules\grunt-smash\node_modules\smash\node_modules\optimist\node_modules\wordwrap\package.json
494 info preinstall wordwrap@0.0.3
495 verbose readDependencies loading dependencies from H:\_git\cdr-library-javascript\node_modules\grunt-smash\node_modules\smash\node_modules\optimist\node_modules\wordwrap\package.json
496 verbose readDependencies loading dependencies from H:\_git\cdr-library-javascript\node_modules\grunt-smash\node_modules\smash\node_modules\optimist\node_modules\wordwrap\package.json
497 silly install resolved []
498 verbose about to build H:\_git\cdr-library-javascript\node_modules\grunt-smash\node_modules\smash\node_modules\optimist\node_modules\wordwrap
499 info build H:\_git\cdr-library-javascript\node_modules\grunt-smash\node_modules\smash\node_modules\optimist\node_modules\wordwrap
500 info linkStuff wordwrap@0.0.3
501 silly linkStuff wordwrap@0.0.3 has H:\_git\cdr-library-javascript\node_modules\grunt-smash\node_modules\smash\node_modules\optimist\node_modules as its parent node_modules
502 verbose linkBins wordwrap@0.0.3
503 verbose linkMans wordwrap@0.0.3
504 verbose rebuildBundles wordwrap@0.0.3
505 info install wordwrap@0.0.3
506 info postinstall wordwrap@0.0.3
507 verbose unlock done using C:\Users\sfolmj\AppData\Roaming\npm-cache\_locks\wordwrap-a695a7ea5441fc23.lock for H:\_git\cdr-library-javascript\node_modules\grunt-smash\node_modules\smash\node_modules\optimist\node_modules\wordwrap
508 verbose about to build H:\_git\cdr-library-javascript\node_modules\grunt-smash\node_modules\smash\node_modules\optimist
509 info build H:\_git\cdr-library-javascript\node_modules\grunt-smash\node_modules\smash\node_modules\optimist
510 info linkStuff optimist@0.3.7
511 silly linkStuff optimist@0.3.7 has H:\_git\cdr-library-javascript\node_modules\grunt-smash\node_modules\smash\node_modules as its parent node_modules
512 verbose linkBins optimist@0.3.7
513 verbose linkMans optimist@0.3.7
514 verbose rebuildBundles optimist@0.3.7
515 verbose rebuildBundles [ 'wordwrap' ]
516 info install optimist@0.3.7
517 info postinstall optimist@0.3.7
518 verbose unlock done using C:\Users\sfolmj\AppData\Roaming\npm-cache\_locks\optimist-27494b412046569b.lock for H:\_git\cdr-library-javascript\node_modules\grunt-smash\node_modules\smash\node_modules\optimist
519 verbose about to build H:\_git\cdr-library-javascript\node_modules\grunt-smash\node_modules\smash
520 info build H:\_git\cdr-library-javascript\node_modules\grunt-smash\node_modules\smash
521 info linkStuff smash@0.0.15
522 silly linkStuff smash@0.0.15 has H:\_git\cdr-library-javascript\node_modules\grunt-smash\node_modules as its parent node_modules
523 verbose linkBins smash@0.0.15
524 verbose link bins [ { smash: 'smash' },
524 verbose link bins   'H:\\_git\\cdr-library-javascript\\node_modules\\grunt-smash\\node_modules\\.bin',
524 verbose link bins   false ]
525 verbose linkMans smash@0.0.15
526 verbose rebuildBundles smash@0.0.15
527 verbose rebuildBundles [ 'optimist' ]
528 info install smash@0.0.15
529 info postinstall smash@0.0.15
530 verbose unlock done using C:\Users\sfolmj\AppData\Roaming\npm-cache\_locks\smash-295987a664892605.lock for H:\_git\cdr-library-javascript\node_modules\grunt-smash\node_modules\smash
531 verbose about to build H:\_git\cdr-library-javascript\node_modules\grunt-smash
532 info build H:\_git\cdr-library-javascript\node_modules\grunt-smash
533 info linkStuff grunt-smash@0.1.0
534 silly linkStuff grunt-smash@0.1.0 has H:\_git\cdr-library-javascript\node_modules as its parent node_modules
535 verbose linkBins grunt-smash@0.1.0
536 verbose linkMans grunt-smash@0.1.0
537 verbose rebuildBundles grunt-smash@0.1.0
538 verbose rebuildBundles [ '.bin', 'queue-async', 'smash' ]
539 info install grunt-smash@0.1.0
540 info postinstall grunt-smash@0.1.0
541 verbose readDependencies loading dependencies from H:\_git\cdr-library-javascript\package.json
542 verbose targetResolver reading package data from H:\_git\cdr-library-javascript\node_modules\grunt\package.json
543 verbose targetResolver reading package data from H:\_git\cdr-library-javascript\node_modules\grunt-contrib-jshint\package.json
544 verbose targetResolver reading package data from H:\_git\cdr-library-javascript\node_modules\grunt-contrib-uglify\package.json
545 verbose targetResolver reading package data from H:\_git\cdr-library-javascript\node_modules\grunt-smash\package.json
546 verbose targetResolver reading package data from H:\_git\cdr-library-javascript\node_modules\.bin\grunt\package.json
547 verbose targetResolver reading package data from H:\_git\cdr-library-javascript\node_modules\.bin\grunt.cmd\package.json
548 verbose already installed skipping grunt@~0.4.1 H:\_git\cdr-library-javascript
549 silly install resolved []
550 verbose unlock done using C:\Users\sfolmj\AppData\Roaming\npm-cache\_locks\grunt-smash-07ce3aee9ef72013.lock for H:\_git\cdr-library-javascript\node_modules\grunt-smash
551 verbose validateInstall loading H:\_git\cdr-library-javascript\package.json for validation
552 verbose stack Error: The package grunt@1.0.1 does not satisfy its siblings' peerDependencies requirements!
552 verbose stack     at C:\Program Files\nodejs\node_modules\npm\lib\install.js:125:32
552 verbose stack     at C:\Program Files\nodejs\node_modules\npm\lib\install.js:268:7
552 verbose stack     at C:\Program Files\nodejs\node_modules\npm\node_modules\read-installed\read-installed.js:142:5
552 verbose stack     at C:\Program Files\nodejs\node_modules\npm\node_modules\read-installed\read-installed.js:263:14
552 verbose stack     at cb (C:\Program Files\nodejs\node_modules\npm\node_modules\slide\lib\async-map.js:47:24)
552 verbose stack     at C:\Program Files\nodejs\node_modules\npm\node_modules\read-installed\read-installed.js:263:14
552 verbose stack     at cb (C:\Program Files\nodejs\node_modules\npm\node_modules\slide\lib\async-map.js:47:24)
552 verbose stack     at C:\Program Files\nodejs\node_modules\npm\node_modules\read-installed\read-installed.js:263:14
552 verbose stack     at cb (C:\Program Files\nodejs\node_modules\npm\node_modules\slide\lib\async-map.js:47:24)
552 verbose stack     at C:\Program Files\nodejs\node_modules\npm\node_modules\read-installed\read-installed.js:263:14
553 verbose cwd H:\_git\cdr-library-javascript
554 error Windows_NT 6.1.7601
555 error argv "C:\\Program Files\\nodejs\\node.exe" "C:\\Program Files\\nodejs\\node_modules\\npm\\bin\\npm-cli.js" "install" "--save-dev" "grunt-smash"
556 error node v4.4.7
557 error npm  v2.15.8
558 error code EPEERINVALID
559 error peerinvalid The package grunt@1.0.1 does not satisfy its siblings' peerDependencies requirements!
559 error peerinvalid Peer grunt-smash@0.1.0 wants grunt@~0.4.1
559 error peerinvalid Peer grunt-contrib-jshint@1.0.0 wants grunt@>=0.4.0
560 verbose exit [ 1, true ]
